Flow report for ThreeBitSignedMultiplier
Sun Mar 03 15:25:17 2019
Quartus Prime Version 17.1.0 Build 590 10/25/2017 SJ Lite Edition


---------------------
; Table of Contents ;
---------------------
  1. Legal Notice
  2. Flow Summary
  3. Flow Settings
  4. Flow Non-Default Global Settings
  5. Flow Elapsed Time
  6. Flow OS Summary
  7. Flow Log
  8. Flow Messages
  9. Flow Suppressed Messages



----------------
; Legal Notice ;
----------------
Copyright (C) 2017  Intel Corporation. All rights reserved.
Your use of Intel Corporation's design tools, logic functions 
and other software and tools, and its AMPP partner logic 
functions, and any output files from any of the foregoing 
(including device programming or simulation files), and any 
associated documentation or information are expressly subject 
to the terms and conditions of the Intel Program License 
Subscription Agreement, the Intel Quartus Prime License Agreement,
the Intel FPGA IP License Agreement, or other applicable license
agreement, including, without limitation, that your use is for
the sole purpose of programming logic devices manufactured by
Intel and sold by Intel or its authorized distributors.  Please
refer to the applicable agreement for further details.



+----------------------------------------------------------------------------------+
; Flow Summary                                                                     ;
+------------------------------------+---------------------------------------------+
; Flow Status                        ; Successful - Sun Mar 03 15:25:17 2019       ;
; Quartus Prime Version              ; 17.1.0 Build 590 10/25/2017 SJ Lite Edition ;
; Revision Name                      ; ThreeBitSignedMultiplier                    ;
; Top-level Entity Name              ; ThreeBitSignedMultiplier                    ;
; Family                             ; MAX 10                                      ;
; Device                             ; 10M50DAF484C6GES                            ;
; Timing Models                      ; Preliminary                                 ;
; Total logic elements               ; 17 / 49,760 ( < 1 % )                       ;
;     Total combinational functions  ; 17 / 49,760 ( < 1 % )                       ;
;     Dedicated logic registers      ; 0 / 49,760 ( 0 % )                          ;
; Total registers                    ; 0                                           ;
; Total pins                         ; 12 / 360 ( 3 % )                            ;
; Total virtual pins                 ; 0                                           ;
; Total memory bits                  ; 0 / 1,677,312 ( 0 % )                       ;
; Embedded Multiplier 9-bit elements ; 0 / 288 ( 0 % )                             ;
; Total PLLs                         ; 0 / 4 ( 0 % )                               ;
; UFM blocks                         ; 0 / 1 ( 0 % )                               ;
; ADC blocks                         ; 0 / 2 ( 0 % )                               ;
+------------------------------------+---------------------------------------------+


+----------------------------------------------+
; Flow Settings                                ;
+-------------------+--------------------------+
; Option            ; Setting                  ;
+-------------------+--------------------------+
; Start date & time ; 03/03/2019 15:24:40      ;
; Main task         ; Compilation              ;
; Revision Name     ; ThreeBitSignedMultiplier ;
+-------------------+--------------------------+


+-------------------------------------------------------------------------------------------------------------------------------------------+
; Flow Non-Default Global Settings                                                                                                          ;
+--------------------------------------+----------------------------------------+---------------+-------------+-----------------------------+
; Assignment Name                      ; Value                                  ; Default Value ; Entity Name ; Section Id                  ;
+--------------------------------------+----------------------------------------+---------------+-------------+-----------------------------+
; COMPILER_SIGNATURE_ID                ; 88623642245491.155162668020868         ; --            ; --          ; --                          ;
; EDA_DESIGN_INSTANCE_NAME             ; NA                                     ; --            ; --          ; ThreeBitSignedMultiplier_tb ;
; EDA_NATIVELINK_SIMULATION_TEST_BENCH ; ThreeBitSignedMultiplier_tb            ; --            ; --          ; eda_simulation              ;
; EDA_OUTPUT_DATA_FORMAT               ; Verilog Hdl                            ; --            ; --          ; eda_simulation              ;
; EDA_SIMULATION_TOOL                  ; ModelSim-Altera (Verilog)              ; <None>        ; --          ; --                          ;
; EDA_TEST_BENCH_ENABLE_STATUS         ; TEST_BENCH_MODE                        ; --            ; --          ; eda_simulation              ;
; EDA_TEST_BENCH_FILE                  ; ThreeBitSignedMultiplier_tb.v          ; --            ; --          ; ThreeBitSignedMultiplier_tb ;
; EDA_TEST_BENCH_MODULE_NAME           ; ThreeBitSignedMultiplier_tb            ; --            ; --          ; ThreeBitSignedMultiplier_tb ;
; EDA_TEST_BENCH_NAME                  ; ThreeBitSignedMultiplier_tb            ; --            ; --          ; eda_simulation              ;
; EDA_TIME_SCALE                       ; 1 ps                                   ; --            ; --          ; eda_simulation              ;
; MAX_CORE_JUNCTION_TEMP               ; 85                                     ; --            ; --          ; --                          ;
; MIN_CORE_JUNCTION_TEMP               ; 0                                      ; --            ; --          ; --                          ;
; PARTITION_COLOR                      ; -- (Not supported for targeted family) ; --            ; --          ; Top                         ;
; PARTITION_FITTER_PRESERVATION_LEVEL  ; -- (Not supported for targeted family) ; --            ; --          ; Top                         ;
; PARTITION_NETLIST_TYPE               ; -- (Not supported for targeted family) ; --            ; --          ; Top                         ;
; POWER_BOARD_THERMAL_MODEL            ; None (CONSERVATIVE)                    ; --            ; --          ; --                          ;
; POWER_PRESET_COOLING_SOLUTION        ; 23 MM HEAT SINK WITH 200 LFPM AIRFLOW  ; --            ; --          ; --                          ;
; PROJECT_OUTPUT_DIRECTORY             ; output_files                           ; --            ; --          ; --                          ;
+--------------------------------------+----------------------------------------+---------------+-------------+-----------------------------+


+-------------------------------------------------------------------------------------------------------------------------------+
; Flow Elapsed Time                                                                                                             ;
+---------------------------+--------------+-------------------------+---------------------+------------------------------------+
; Module Name               ; Elapsed Time ; Average Processors Used ; Peak Virtual Memory ; Total CPU Time (on all processors) ;
+---------------------------+--------------+-------------------------+---------------------+------------------------------------+
; Analysis & Synthesis      ; 00:00:15     ; 1.0                     ; 4777 MB             ; 00:00:30                           ;
; Fitter                    ; 00:00:09     ; 1.0                     ; 5684 MB             ; 00:00:12                           ;
; Assembler                 ; 00:00:04     ; 1.0                     ; 4704 MB             ; 00:00:04                           ;
; TimeQuest Timing Analyzer ; 00:00:03     ; 1.1                     ; 4842 MB             ; 00:00:03                           ;
; EDA Netlist Writer        ; 00:00:01     ; 1.0                     ; 4664 MB             ; 00:00:02                           ;
; Total                     ; 00:00:32     ; --                      ; --                  ; 00:00:51                           ;
+---------------------------+--------------+-------------------------+---------------------+------------------------------------+


+-----------------------------------------------------------------------------------------+
; Flow OS Summary                                                                         ;
+---------------------------+------------------+------------+------------+----------------+
; Module Name               ; Machine Hostname ; OS Name    ; OS Version ; Processor type ;
+---------------------------+------------------+------------+------------+----------------+
; Analysis & Synthesis      ; Trix             ; Windows 10 ; 10.0       ; x86_64         ;
; Fitter                    ; Trix             ; Windows 10 ; 10.0       ; x86_64         ;
; Assembler                 ; Trix             ; Windows 10 ; 10.0       ; x86_64         ;
; TimeQuest Timing Analyzer ; Trix             ; Windows 10 ; 10.0       ; x86_64         ;
; EDA Netlist Writer        ; Trix             ; Windows 10 ; 10.0       ; x86_64         ;
+---------------------------+------------------+------------+------------+----------------+


------------
; Flow Log ;
------------
quartus_map --read_settings_files=on --write_settings_files=off ThreeBitSignedMultiplier -c ThreeBitSignedMultiplier
quartus_fit --read_settings_files=off --write_settings_files=off ThreeBitSignedMultiplier -c ThreeBitSignedMultiplier
quartus_asm --read_settings_files=off --write_settings_files=off ThreeBitSignedMultiplier -c ThreeBitSignedMultiplier
quartus_sta ThreeBitSignedMultiplier -c ThreeBitSignedMultiplier
quartus_eda --read_settings_files=off --write_settings_files=off ThreeBitSignedMultiplier -c ThreeBitSignedMultiplier



